0000000000000000 D _nl_current_LC_CTYPE
0000000000000002 A _nl_current_LC_CTYPE_used
0000000000000002 A _nl_current_LC_MONETARY_used
0000000000000002 A _nl_current_LC_NUMERIC_used
0000000000000008 D _nl_current_LC_NUMERIC
0000000000000010 D __libc_tsd_LOCALE
0000000000000018 D _nl_current_LC_MONETARY
0000000000000020 B errno
0000000000000020 B __libc_errno
0000000000000028 b tcache
0000000000000030 b tcache_shutting_down
0000000000000038 b thread_arena
0000000000000040 b catch_hook
0000000000000048 B __libc_tsd_CTYPE_TOLOWER
0000000000000050 B __libc_tsd_CTYPE_TOUPPER
0000000000000058 B __libc_tsd_CTYPE_B
0000000000000060 B __libc_dlerror_result
0000000000400000 r __ehdr_start
00000000004002c4 r __abi_tag
00000000004002e8 r __rela_iplt_start
0000000000400558 r __rela_iplt_end
0000000000401000 T _init
00000000004011c0 t __assert_fail_base.cold
00000000004011cf t _nl_load_domain.cold
00000000004011d4 T abort
000000000040136d t __vfscanf_internal.cold
00000000004016b6 t _IO_new_fclose.cold
00000000004016ed t _IO_fflush.cold
0000000000401723 t _IO_fwrite.cold
0000000000401759 t _IO_puts.cold
0000000000401790 t putchar.cold
00000000004017c6 t _IO_wfile_underflow.cold
00000000004017fd t _IO_new_file_underflow.cold
0000000000401836 t __sysconf.cold
0000000000401840 T _dl_start
000000000040184c t round_and_return.cold
0000000000401851 t round_and_return.cold
0000000000401856 t round_and_return.cold
000000000040185b t round_and_return.cold
0000000000401860 t __printf_fp_l.cold
0000000000401865 t __printf_fphex.cold
000000000040186a t _IO_fputs.cold
00000000004018a0 t __getdelim.cold
00000000004018d6 t __pthread_once_slow.cold
00000000004018ff t add_path.constprop.0.isra.0.cold
0000000000401933 t __nptl_free_stacks.cold
0000000000401938 t uw_install_context_1.cold
000000000040193d t read_encoded_value.cold
0000000000401942 t execute_stack_op.cold
000000000040194c t uw_update_context_1.cold
0000000000401956 t execute_cfa_program.cold
000000000040195b t uw_frame_state_for.cold
0000000000401960 t uw_init_context_1.cold
0000000000401965 t _Unwind_RaiseException_Phase2.cold
000000000040196a t _Unwind_ForcedUnwind_Phase2.cold
000000000040196f t _Unwind_GetGR.cold
0000000000401975 t _Unwind_SetGR.cold
000000000040197b t _Unwind_RaiseException.cold
0000000000401980 t _Unwind_Resume.cold
0000000000401985 t _Unwind_Resume_or_Rethrow.cold
000000000040198a t _Unwind_Backtrace.cold
000000000040198f t read_encoded_value_with_base.cold
0000000000401995 t classify_object_over_fdes.cold
000000000040199a t fde_single_encoding_compare.cold
000000000040199f t fde_mixed_encoding_compare.cold
00000000004019a4 t add_fdes.cold
00000000004019a9 t linear_search_fdes.cold
00000000004019ae t _Unwind_IteratePhdrCallback.cold
00000000004019b8 t search_object.cold
00000000004019bd t _Unwind_Find_FDE.cold
00000000004019c2 t base_of_encoded_value.cold
00000000004019c8 t read_encoded_value_with_base.cold
00000000004019ce t __gcc_personality_v0.cold
00000000004019d3 t __dl_iterate_phdr.cold
00000000004019f0 T _start
0000000000401a20 T _dl_relocate_static_pie
0000000000401a30 t deregister_tm_clones
0000000000401a60 t register_tm_clones
0000000000401aa0 t __do_global_dtors_aux
0000000000401ae0 t frame_dummy
0000000000401b15 t rand_range
0000000000401b45 t rand_char_without
0000000000401b73 t bench_tsearch_find
0000000000401bdf t gen_good_key
0000000000401c64 t gen_good_key_with_prefix
0000000000401d0d t gen_missing_key
0000000000401db5 t gen_missing_key_with_prefix
0000000000401e84 T segv_handler
0000000000401ea7 T main
000000000040293e T tsearch_init
0000000000402958 T tsearch_print
00000000004029a2 T tsearch_insert
00000000004029de T avl_compareKeys
0000000000402a09 T avl_height
0000000000402a2d T avl_maxHeight
0000000000402a4e T avl_newNode
0000000000402abe T avl_rightRotate
0000000000402b7d T avl_leftRotate
0000000000402c3c T avl_getBalance
0000000000402c8d T avl_insertNode
0000000000402e97 T avl_preOrder
0000000000402f0a T tsearch_find
0000000000402f84 T start_histogram
00000000004030d0 T print_histogram
0000000000403270 t handle_zhaoxin
0000000000403440 t handle_amd
00000000004035f0 t call_fini
0000000000403630 t __libc_start_call_main
00000000004036d0 t get_common_indices.constprop.0
0000000000403860 t get_common_cache_info.constprop.0
0000000000403c70 t intel_check_word.constprop.0
0000000000403f70 t handle_intel.constprop.0
0000000000404060 t update_active.constprop.0
0000000000404510 T __libc_start_main
0000000000404510 T __libc_start_main_impl
0000000000405940 T __libc_check_standard_fds
0000000000405ae0 T __libc_setup_tls
0000000000405db0 T __assert_fail_base
0000000000405f00 T __assert_fail
0000000000405f50 T __dcgettext
0000000000405f50 W dcgettext
0000000000405f70 t plural_eval
0000000000406160 t transcmp
00000000004061e0 T _nl_find_msg
0000000000406b70 T __dcigettext
0000000000407450 T _nl_find_domain
00000000004076d0 T _nl_load_domain
0000000000408b90 t alias_compare
0000000000408bb0 t read_alias_file
00000000004090b0 T _nl_expand_alias
0000000000409260 T _nl_make_l10nflist
0000000000409840 T _nl_normalize_codeset
0000000000409960 T _nl_explode_name
0000000000409b60 T __gettext_free_exp
000000000040a0f0 t new_exp.constprop.1
000000000040a820 t new_exp.constprop.0
000000000040a840 t new_exp
000000000040b020 T __gettextparse
000000000040b870 T __gettext_extract_plural
000000000040b990 T __hash_string
000000000040b9f0 T __sigsetjmp
000000000040ba60 T __sigjmp_save
000000000040baa0 T _setjmp
000000000040bab0 T __libc_siglongjmp
000000000040bab0 W _longjmp
000000000040bab0 W longjmp
000000000040bab0 W siglongjmp
000000000040bb00 T __libc_longjmp
000000000040bb50 T __longjmp
000000000040bbe0 T _longjmp_unwind
000000000040bbf0 T __longjmp_cancel
000000000040bc50 t __bsd_signal.part.0
000000000040bce0 T __bsd_signal
000000000040bce0 W bsd_signal
000000000040bce0 W signal
000000000040bce0 W ssignal
000000000040bd20 W gsignal
000000000040bd20 T raise
000000000040bd60 T __sigaction
000000000040bd60 W sigaction
000000000040bdb0 t __restore_rt
000000000040bdc0 T __libc_sigaction
000000000040bfa0 T __sigprocmask
000000000040bfa0 W sigprocmask
000000000040bfe0 t msort_with_tmp.part.0
000000000040c400 T __qsort_r
000000000040c400 W qsort_r
000000000040c7e0 T qsort
000000000040c7f0 T getenv
000000000040c8e0 T __run_exit_handlers
000000000040cb40 T exit
000000000040cb60 T __new_exitfn
000000000040cc70 T __internal_atexit
000000000040cd50 T __cxa_atexit
000000000040ce30 W srand
000000000040ce30 T __srandom
000000000040ce30 W srandom
000000000040ce90 T __initstate
000000000040ce90 W initstate
000000000040cf30 T __setstate
000000000040cf30 W setstate
000000000040cfc0 T __random
000000000040cfc0 W random
000000000040d050 T __srandom_r
000000000040d050 W srandom_r
000000000040d1b0 T __initstate_r
000000000040d1b0 W initstate_r
000000000040d340 T __setstate_r
000000000040d340 W setstate_r
000000000040d450 T __random_r
000000000040d450 W random_r
000000000040d4f0 T __strtoul_internal
000000000040d4f0 T __strtoull_internal
000000000040d510 T __strtoul
000000000040d510 W strtoul
000000000040d510 W strtoull
000000000040d510 W strtoumax
000000000040d510 W strtouq
000000000040d530 T ____strtoul_l_internal
000000000040d530 T ____strtoull_l_internal
000000000040d9f0 W __strtoul_l
000000000040d9f0 W strtoul_l
000000000040d9f0 W __strtoull_l
000000000040d9f0 W strtoull_l
000000000040da00 T __correctly_grouped_prefixmb
000000000040dd30 T __fprintf
000000000040dd30 T fprintf
000000000040dd30 W _IO_fprintf
000000000040ddf0 T _IO_printf
000000000040ddf0 T __printf
000000000040ddf0 T printf
000000000040dec0 T __snprintf
000000000040dec0 W snprintf
000000000040df80 T ___asprintf
000000000040df80 T __asprintf
000000000040df80 W asprintf
000000000040e040 t perror_internal
000000000040e0e0 T perror
000000000040e1a0 T __isoc99_sscanf
000000000040e2e0 t char_buffer_add_slow
000000000040e350 T __vfscanf_internal
00000000004160b0 t group_number
00000000004161d0 t _IO_helper_overflow
00000000004162b0 t _i18n_number_rewrite
00000000004165c0 t outstring_func.part.0
00000000004165f0 t outstring_converted_wide_string
0000000000416a80 t printf_positional
0000000000419040 T __vfprintf_internal
000000000041b380 t buffered_vfprintf
000000000041b5c0 T __get_errlist
000000000041b5e0 T __get_errname
000000000041b620 T __parse_one_specmb
000000000041bef0 t locked_vfxprintf
000000000041c0b0 T __vfxprintf
000000000041c180 T __fxprintf
000000000041c2f0 T __fxprintf_nocancel
000000000041c470 W fclose
000000000041c470 W _IO_fclose
000000000041c470 T _IO_new_fclose
000000000041c470 T __new_fclose
000000000041c660 W fdopen
000000000041c660 W _IO_fdopen
000000000041c660 T _IO_new_fdopen
000000000041c660 T __new_fdopen
000000000041c950 W fflush
000000000041c950 T _IO_fflush
000000000041ca50 T __fopen_maybe_mmap
000000000041caa0 T __fopen_internal
000000000041cba0 W fopen
000000000041cba0 W fopen64
000000000041cba0 W _IO_fopen
000000000041cba0 W _IO_fopen64
000000000041cba0 T _IO_new_fopen
000000000041cba0 T __new_fopen
000000000041cca0 W fwrite
000000000041cca0 T _IO_fwrite
000000000041ce30 T _IO_padn
000000000041cf70 T _IO_puts
000000000041cf70 W puts
000000000041d110 T putchar
000000000041d220 T _IO_wfile_underflow
000000000041d8a0 t adjust_wide_data
000000000041d990 T _IO_wfile_seekoff
000000000041e230 t _IO_wfile_underflow_maybe_mmap
000000000041e270 t _IO_wfile_underflow_mmap
000000000041e3e0 T _IO_wdo_write
000000000041e5d0 T _IO_wfile_overflow
000000000041e8e0 T _IO_wfile_sync
000000000041ea80 T _IO_wfile_xsputn
000000000041ecc0 T _IO_fwide
000000000041ee40 T __libio_codecvt_out
000000000041ef40 T __libio_codecvt_in
000000000041f040 T __libio_codecvt_encoding
000000000041f070 T __libio_codecvt_length
000000000041f180 T __fileno
000000000041f180 W fileno
000000000041f180 W fileno_unlocked
000000000041f1b0 T __vasprintf_internal
000000000041f350 T __vasprintf
000000000041f350 W vasprintf
000000000041f360 t _IO_strn_overflow
000000000041f3e0 T __vsnprintf_internal
000000000041f4f0 T ___vsnprintf
000000000041f4f0 W __vsnprintf
000000000041f4f0 W vsnprintf
000000000041f500 t __libc_message.constprop.0
000000000041f660 T __libc_message
000000000041f950 T __libc_fatal
000000000041f970 T _IO_vtable_check
000000000041f990 T __fgets_unlocked
000000000041f990 W fgets_unlocked
000000000041fa30 t _IO_file_seekoff_maybe_mmap
000000000041faa0 T _IO_file_close
000000000041fab0 W _IO_file_setbuf
000000000041fab0 T _IO_new_file_setbuf
000000000041fae0 T _IO_file_setbuf_mmap
000000000041fb60 W _IO_file_underflow
000000000041fb60 T _IO_new_file_underflow
000000000041fe50 T _IO_file_close_mmap
000000000041fe80 T _IO_file_seek
000000000041fe90 t _IO_file_sync_mmap
000000000041fef0 t _IO_file_xsgetn_maybe_mmap
00000000004200f0 W _IO_file_seekoff
00000000004200f0 T _IO_new_file_seekoff
00000000004206c0 T _IO_file_stat
00000000004206d0 W _IO_file_write
00000000004206d0 T _IO_new_file_write
0000000000420770 t _IO_file_xsgetn_mmap
0000000000420ab0 T _IO_file_xsgetn
0000000000420cb0 T _IO_file_seekoff_mmap
0000000000420de0 W _IO_file_xsputn
0000000000420de0 T _IO_new_file_xsputn
00000000004210e0 T _IO_file_read
0000000000421110 T _IO_file_underflow_maybe_mmap
0000000000421300 T _IO_file_underflow_mmap
00000000004215c0 T _IO_new_file_init_internal
00000000004215f0 W _IO_file_init
00000000004215f0 T _IO_new_file_init
0000000000421620 T _IO_file_open
0000000000421710 W _IO_file_attach
0000000000421710 T _IO_new_file_attach
00000000004217c0 W _IO_do_write
00000000004217c0 T _IO_new_do_write
0000000000421940 W _IO_file_close_it
0000000000421940 T _IO_new_file_close_it
0000000000421aa0 W _IO_file_fopen
0000000000421aa0 T _IO_new_file_fopen
00000000004221a0 W _IO_file_finish
00000000004221a0 T _IO_new_file_finish
0000000000422240 W _IO_file_overflow
0000000000422240 T _IO_new_file_overflow
0000000000422460 W _IO_file_sync
0000000000422460 T _IO_new_file_sync
0000000000422550 t save_for_backup
0000000000422730 t flush_cleanup
00000000004227c0 t _IO_un_link.part.0
0000000000422a00 T _IO_un_link
0000000000422a20 T _IO_link_in
0000000000422c20 T _IO_least_marker
0000000000422c50 T _IO_switch_to_main_get_area
0000000000422c90 T _IO_switch_to_backup_area
0000000000422cc0 T _IO_switch_to_get_mode
0000000000422d60 T _IO_free_backup_area
0000000000422db0 T __overflow
0000000000422e20 T __underflow
0000000000422ff0 T __uflow
00000000004231e0 T _IO_setb
0000000000423250 T _IO_doallocbuf
0000000000423310 T _IO_default_underflow
0000000000423320 T _IO_default_uflow
0000000000423380 T _IO_default_xsputn
0000000000423560 T _IO_sgetn
00000000004235d0 T _IO_default_xsgetn
0000000000423910 T _IO_default_setbuf
0000000000423a10 T _IO_default_seekpos
0000000000423a80 T _IO_default_doallocate
0000000000423b00 T _IO_init_internal
0000000000423b90 T _IO_init
0000000000423c20 T _IO_enable_locks
0000000000423c60 T _IO_old_init
0000000000423cd0 T _IO_no_init
0000000000423da0 T _IO_default_sync
0000000000423db0 T _IO_default_finish
0000000000423e20 T _IO_default_seekoff
0000000000423e30 T _IO_sputbackc
0000000000423eb0 T _IO_sungetc
0000000000423f30 T _IO_adjust_column
0000000000423f60 T _IO_flush_all_lockp
00000000004241d0 T _IO_cleanup
0000000000424480 T _IO_flush_all
0000000000424490 W _flushlbf
0000000000424490 T _IO_flush_all_linebuffered
00000000004246b0 T _IO_init_marker
00000000004247a0 T _IO_remove_marker
00000000004247e0 T _IO_marker_difference
00000000004247f0 T _IO_marker_delta
0000000000424830 T _IO_seekmark
00000000004248e0 T _IO_unsave_markers
0000000000424940 T _IO_default_pbackfail
0000000000424ae0 T _IO_default_seek
0000000000424af0 T _IO_default_stat
0000000000424b00 T _IO_default_read
0000000000424b10 T _IO_default_write
0000000000424b20 T _IO_default_showmanyc
0000000000424b30 T _IO_default_imbue
0000000000424b40 T _IO_iter_begin
0000000000424b50 T _IO_iter_end
0000000000424b60 T _IO_iter_next
0000000000424b70 T _IO_iter_file
0000000000424b80 T _IO_list_lock
0000000000424bd0 T _IO_list_unlock
0000000000424c10 T _IO_list_resetlock
0000000000424c30 T _IO_str_underflow
0000000000424c90 T _IO_str_overflow
0000000000424e50 t enlarge_userbuf
0000000000425050 T _IO_str_seekoff
0000000000425330 T _IO_str_pbackfail
0000000000425350 T _IO_str_finish
0000000000425390 T _IO_str_init_static_internal
0000000000425460 T _IO_str_init_static
0000000000425540 T _IO_str_init_readonly
00000000004255f0 T _IO_str_count
0000000000425610 T __libc_alloca_cutoff
0000000000425660 T __libc_cleanup_push_defer
00000000004256a0 T __libc_cleanup_pop_restore
00000000004256d0 T __lll_lock_wait_private
0000000000425730 T __lll_lock_wait
00000000004257a0 T __lll_lock_wake_private
00000000004257c0 T __lll_lock_wake
00000000004257e0 T __nptl_deallocate_tsd
0000000000425930 T __pthread_cleanup_upto
00000000004259d0 T __pthread_kill_internal
0000000000425b30 T __pthread_kill
0000000000425b30 W pthread_kill
0000000000425ca0 T ___pthread_rwlock_init
0000000000425ca0 T __pthread_rwlock_init
0000000000425ca0 W pthread_rwlock_init
0000000000425ce0 T ___pthread_rwlock_rdlock
0000000000425ce0 T __pthread_rwlock_rdlock
0000000000425ce0 W pthread_rwlock_rdlock
0000000000425ed0 T ___pthread_rwlock_unlock
0000000000425ed0 T __pthread_rwlock_unlock
0000000000425ed0 W pthread_rwlock_unlock
00000000004260a0 T ___pthread_rwlock_wrlock
00000000004260a0 T __pthread_rwlock_wrlock
00000000004260a0 W pthread_rwlock_wrlock
0000000000426410 T __pthread_self
0000000000426410 W pthread_self
0000000000426420 T __pthread_setcancelstate
0000000000426420 W pthread_setcancelstate
0000000000426450 T __pthread_sigmask
0000000000426450 W pthread_sigmask
0000000000426540 T ___pthread_testcancel
0000000000426540 T __pthread_testcancel
0000000000426540 W pthread_testcancel
0000000000426590 t _dl_tunable_set_arena_max
00000000004265a0 t _dl_tunable_set_arena_test
00000000004265b0 t _dl_tunable_set_tcache_max
00000000004265f0 t _dl_tunable_set_tcache_count
0000000000426610 t _dl_tunable_set_tcache_unsorted_limit
0000000000426620 t malloc_printerr
0000000000426640 t int_mallinfo
0000000000426780 t _dl_tunable_set_mxfast
00000000004267b0 t __malloc_assert
0000000000426810 t _dl_tunable_set_trim_threshold
0000000000426830 t _dl_tunable_set_top_pad
0000000000426850 t _dl_tunable_set_mmap_threshold
0000000000426870 t _dl_tunable_set_mmaps_max
0000000000426890 t _dl_tunable_set_perturb_byte
00000000004268a0 t munmap_chunk
0000000000426940 t _dl_tunable_set_hugetlb
00000000004269a0 t detach_arena.part.0
00000000004269d0 t get_free_list
0000000000426b00 t __malloc_info.part.0
0000000000427050 t systrim.constprop.0
0000000000427130 t unlink_chunk.constprop.0
0000000000427210 t malloc_consolidate
00000000004273d0 t _int_free
0000000000427e10 t ptmalloc_init.part.0
0000000000428010 t alloc_new_heap
0000000000428240 t sysmalloc_mmap_fallback.constprop.0
0000000000428320 t arena_get2.part.0
0000000000428810 t arena_get_retry
00000000004288c0 t sysmalloc_mmap.constprop.0
0000000000428a00 t sysmalloc
0000000000429330 t _int_malloc
000000000042a2b0 t tcache_init.part.0
000000000042a3d0 t _int_realloc
000000000042a630 t _int_memalign
000000000042a810 T __glibc_morecore
000000000042a850 T __malloc_fork_lock_parent
000000000042a8d0 T __malloc_fork_unlock_parent
000000000042a950 T __malloc_fork_unlock_child
000000000042aa00 T __libc_malloc
000000000042aa00 T __malloc
000000000042aa00 T malloc
000000000042ad40 T __free
000000000042ad40 T free
000000000042ad40 T __libc_free
000000000042ae40 T __malloc_arena_thread_freeres
000000000042b090 T __libc_realloc
000000000042b090 T __realloc
000000000042b090 T realloc
000000000042b590 W aligned_alloc
000000000042b590 T __libc_memalign
000000000042b590 T __memalign
000000000042b590 W memalign
000000000042b870 T __libc_valloc
000000000042b870 T __valloc
000000000042b870 W valloc
000000000042bb50 T __libc_pvalloc
000000000042bb50 T __pvalloc
000000000042bb50 W pvalloc
000000000042be50 T __calloc
000000000042be50 W calloc
000000000042be50 T __libc_calloc
000000000042c1a0 T __malloc_trim
000000000042c1a0 W malloc_trim
000000000042c440 T __malloc_usable_size
000000000042c440 W malloc_usable_size
000000000042c480 T __libc_mallinfo2
000000000042c480 T __mallinfo2
000000000042c480 W mallinfo2
000000000042c5a0 T __libc_mallinfo
000000000042c5a0 T __mallinfo
000000000042c5a0 W mallinfo
000000000042c620 T __malloc_stats
000000000042c620 W malloc_stats
000000000042c850 T __libc_mallopt
000000000042c850 T __mallopt
000000000042c850 W mallopt
000000000042ca30 T __posix_memalign
000000000042ca30 W posix_memalign
000000000042cd30 T __malloc_info
000000000042cd30 W malloc_info
000000000042cd70 T __libc_scratch_buffer_grow_preserve
000000000042ce30 T __libc_scratch_buffer_set_array_size
000000000042cee0 i index
000000000042cee0 i strchr
000000000042cee0 t strchr_ifunc
000000000042cf50 i strcmp
000000000042cf50 t strcmp_ifunc
000000000042cfd0 i strcpy
000000000042cfd0 t strcpy_ifunc
000000000042d050 i strcspn
000000000042d050 t strcspn_ifunc
000000000042d070 T __strdup
000000000042d070 W strdup
000000000042d0b0 T __strerror_r
000000000042d0b0 W strerror_r
000000000042d130 i strlen
000000000042d130 t strlen_ifunc
000000000042d1a0 i __strnlen
000000000042d1a0 i strnlen
000000000042d1a0 t __strnlen_ifunc
000000000042d210 i strncmp
000000000042d210 t strncmp_ifunc
000000000042d2b0 i strncpy
000000000042d2b0 t strncpy_ifunc
000000000042d330 t two_way_long_needle
000000000042d7c0 T __strstr_sse2
000000000042db10 i __libc_strstr
000000000042db10 t __libc_strstr_ifunc
000000000042db10 i strstr
000000000042db30 i bcmp
000000000042db30 i memcmp
000000000042db30 t memcmp_ifunc
000000000042dbd0 i __libc_memmove
000000000042dbd0 t __libc_memmove_ifunc
000000000042dbd0 i memmove
000000000042dce0 i memset
000000000042dce0 t memset_ifunc
000000000042dde0 i __mempcpy
000000000042dde0 i mempcpy
000000000042dde0 t __mempcpy_ifunc
000000000042def0 i __stpcpy
000000000042def0 i stpcpy
000000000042def0 t __stpcpy_ifunc
000000000042df70 i __strcasecmp_l
000000000042df70 i strcasecmp_l
000000000042df70 t __strcasecmp_l_ifunc
000000000042dfc0 i memcpy
000000000042dfc0 i __new_memcpy
000000000042dfc0 t __new_memcpy_ifunc
000000000042e0d0 i __rawmemchr
000000000042e0d0 i rawmemchr
000000000042e0d0 t __rawmemchr_ifunc
000000000042e150 i __strchrnul
000000000042e150 i strchrnul
000000000042e150 t __strchrnul_ifunc
000000000042e1c0 T __strncpy_sse2
000000000042e220 T __strcmp_sse2
000000000042f670 T __strcmp_sse2_unaligned
000000000042f920 T __strcmp_ssse3
0000000000430b90 T __strcmp_avx2
0000000000430fd0 T __strncmp_sse2
0000000000432830 T __strncmp_ssse3
0000000000433fa0 T __strncmp_sse42
0000000000434f80 T __strncmp_avx2
00000000004354b0 T __rawmemchr_sse2
00000000004356c0 T __rawmemchr_avx2
0000000000435830 T __memcmp_sse2
0000000000435c40 T __memcmp_avx2_movbe
0000000000436080 T __memcmp_sse4_1
0000000000436920 T __mempcpy_chk_ssse3
0000000000436930 T __mempcpy_ssse3
0000000000436940 T __memcpy_chk_ssse3
0000000000436950 T __memcpy_ssse3
0000000000439320 T __memmove_chk_ssse3
0000000000439330 T __memmove_ssse3
000000000043beb0 T __mempcpy_chk_ssse3_back
000000000043bec0 T __mempcpy_ssse3_back
000000000043bed0 T __memcpy_chk_ssse3_back
000000000043bee0 T __memcpy_ssse3_back
000000000043e9c0 T __memmove_chk_ssse3_back
000000000043e9d0 T __memmove_ssse3_back
00000000004414f0 T __mempcpy_chk_avx512_no_vzeroupper
0000000000441500 T __mempcpy_avx512_no_vzeroupper
0000000000441510 T __memcpy_chk_avx512_no_vzeroupper
0000000000441510 T __memmove_chk_avx512_no_vzeroupper
0000000000441520 T __memcpy_avx512_no_vzeroupper
0000000000441520 T __memmove_avx512_no_vzeroupper
0000000000441c60 T __strcasecmp_sse2
0000000000441c80 T __strcasecmp_l_sse2
0000000000443eb0 T __strcasecmp_ssse3
0000000000443ed0 T __strcasecmp_l_ssse3
0000000000446010 T __strcasecmp_sse42
0000000000446024 T __strcasecmp_l_sse42
0000000000447bc0 T __strcasecmp_avx
0000000000447bd4 T __strcasecmp_l_avx
0000000000449240 T __strchr_sse2
0000000000449470 T __strchrnul_sse2
0000000000449680 T __strchr_avx2
0000000000449900 T __strchrnul_avx2
0000000000449b10 T __strlen_sse2
0000000000449cb0 T __strnlen_sse2
0000000000449ee0 T __strlen_avx2
000000000044a060 T __strnlen_avx2
000000000044a330 T __strcpy_avx2
000000000044a6c0 T __strncpy_avx2
000000000044b020 T __strcpy_sse2
000000000044b110 T __stpcpy_sse2
000000000044b200 T __strcpy_ssse3
000000000044c9b0 T __strncpy_ssse3
000000000044f530 T __stpcpy_ssse3
0000000000450d40 T __strcpy_sse2_unaligned
0000000000451370 T __strncpy_sse2_unaligned
0000000000452380 T __stpcpy_sse2_unaligned
0000000000452a40 T __stpcpy_avx2
0000000000452df0 T __strchr_sse2_no_bsf
0000000000453110 T __memcmp_ssse3
0000000000454880 T __strstr_sse2_unaligned
0000000000454d20 T __strcspn_sse2
0000000000454dd0 T __strcspn_sse42
0000000000454f10 T __memset_chk_avx512_no_vzeroupper
0000000000454f20 T __memset_avx512_no_vzeroupper
00000000004551c0 T __mempcpy_sse2_unaligned
00000000004551d0 T __memcpy_sse2_unaligned
00000000004551d0 T __memmove_sse2_unaligned
0000000000455200 T __mempcpy_chk_erms
0000000000455210 T __mempcpy_erms
0000000000455230 T __memcpy_chk_erms
0000000000455230 T __memmove_chk_erms
0000000000455240 T __memcpy_erms
0000000000455240 T __memmove_erms
0000000000455280 T __mempcpy_sse2_unaligned_erms
00000000004552c0 T __memcpy_sse2_unaligned_erms
00000000004552c0 T __memmove_sse2_unaligned_erms
0000000000455840 T __mempcpy_avx_unaligned
0000000000455850 T __memcpy_avx_unaligned
0000000000455850 T __memmove_avx_unaligned
0000000000455890 T __mempcpy_avx_unaligned_erms
00000000004558c0 T __memcpy_avx_unaligned_erms
00000000004558c0 T __memmove_avx_unaligned_erms
0000000000455fc0 T __mempcpy_avx512_unaligned
0000000000455fd0 T __memcpy_avx512_unaligned
0000000000455fd0 T __memmove_avx512_unaligned
0000000000456010 T __mempcpy_avx512_unaligned_erms
0000000000456040 T __memcpy_avx512_unaligned_erms
0000000000456040 T __memmove_avx512_unaligned_erms
0000000000456800 T __bzero
0000000000456800 W bzero
0000000000456820 T __wmemset_sse2_unaligned
0000000000456840 T __memset_sse2_unaligned
0000000000456880 T __memset_chk_erms
0000000000456890 T __memset_erms
00000000004568c0 T __memset_sse2_unaligned_erms
00000000004569c0 T __wmemset_avx2_unaligned
00000000004569e0 T __memset_avx2_unaligned
0000000000456a20 T __memset_avx2_erms
0000000000456a40 T __memset_avx2_unaligned_erms
0000000000456b80 T __wmemset_avx512_unaligned
0000000000456ba0 T __memset_avx512_unaligned
0000000000456be0 T __memset_avx512_erms
0000000000456c00 T __memset_avx512_unaligned_erms
0000000000456d80 T __memcmp_avx2_movbe_rtm
00000000004571c0 T __mempcpy_avx_unaligned_rtm
00000000004571d0 T __memcpy_avx_unaligned_rtm
00000000004571d0 T __memmove_avx_unaligned_rtm
0000000000457210 T __mempcpy_avx_unaligned_erms_rtm
0000000000457240 T __memcpy_avx_unaligned_erms_rtm
0000000000457240 T __memmove_avx_unaligned_erms_rtm
0000000000457940 T __wmemset_avx2_unaligned_rtm
0000000000457960 T __memset_avx2_unaligned_rtm
00000000004579a0 T __memset_avx2_erms_rtm
00000000004579c0 T __memset_avx2_unaligned_erms_rtm
0000000000457b00 T __rawmemchr_avx2_rtm
0000000000457c60 T __strchr_avx2_rtm
0000000000457ee0 T __strcmp_avx2_rtm
0000000000458360 T __strchrnul_avx2_rtm
0000000000458570 T __stpcpy_avx2_rtm
0000000000458930 T __strcpy_avx2_rtm
0000000000458ce0 T __strlen_avx2_rtm
0000000000458e50 T __strncmp_avx2_rtm
00000000004593a0 T __strncpy_avx2_rtm
0000000000459d20 T __strnlen_avx2_rtm
000000000045a040 T __memcmp_evex_movbe
000000000045a340 T __mempcpy_evex_unaligned
000000000045a350 T __memcpy_evex_unaligned
000000000045a350 T __memmove_evex_unaligned
000000000045a390 T __mempcpy_evex_unaligned_erms
000000000045a3c0 T __memcpy_evex_unaligned_erms
000000000045a3c0 T __memmove_evex_unaligned_erms
000000000045ab80 T __wmemset_evex_unaligned
000000000045aba0 T __memset_evex_unaligned
000000000045abd0 T __memset_evex_erms
000000000045ac00 T __memset_evex_unaligned_erms
000000000045ad60 T __rawmemchr_evex
000000000045aee0 T __stpcpy_evex
000000000045b340 T __strchr_evex
000000000045b5e0 T __strchrnul_evex
000000000045b840 T __strcmp_evex
000000000045bcb0 T __strcpy_evex
000000000045c100 T __strlen_evex
000000000045c280 T __strncmp_evex
000000000045c7f0 T __strncpy_evex
000000000045d240 T __strnlen_evex
000000000045d500 T __rawmemchr_evex_rtm
000000000045d6a0 T __strcasecmp_l_nonascii
000000000045d6f0 T __wmempcpy
000000000045d6f0 W wmempcpy
000000000045d700 T __mbrlen
000000000045d700 W mbrlen
000000000045d730 T __mbrtowc
000000000045d730 W mbrtowc
000000000045d960 T __wcrtomb
000000000045d960 W wcrtomb
000000000045db50 T __mbsrtowcs
000000000045db50 W mbsrtowcs
000000000045db80 T __wcsrtombs
000000000045db80 W wcsrtombs
000000000045de80 i __wcsnlen
000000000045de80 i wcsnlen
000000000045de80 t __wcsnlen_ifunc
000000000045def0 T _nl_cleanup_ctype
000000000045df40 T __wcsmbs_getfct
000000000045dfc0 T __wcsmbs_load_conv
000000000045e380 T __wcsmbs_clone_conv
000000000045e470 T __wcsmbs_named_conv
000000000045e580 T __mbsrtowcs_l
000000000045e910 T __wcsnlen_sse2
000000000045e950 T __wcsnlen_sse4_1
000000000045eb80 T __wcsnlen_avx2
000000000045ef00 T __wcsnlen_avx2_rtm
000000000045f280 T __wcsnlen_evex
000000000045f590 T __clock_gettime
000000000045f590 W clock_gettime
000000000045f620 T _exit
000000000045f620 W _Exit
000000000045f670 T __getpid
000000000045f670 W getpid
000000000045f680 t __sysconf_check_spec
000000000045f7b0 T __sysconf
000000000045f7b0 W sysconf
000000000045fda0 T __sched_yield
000000000045fda0 W sched_yield
000000000045fdd0 T __get_child_max
000000000045fe30 T __stat
000000000045fe30 W stat
000000000045fe30 T __stat64
000000000045fe30 W stat64
000000000045fe50 T __fstat
000000000045fe50 W fstat
000000000045fe50 T __fstat64
000000000045fe50 W fstat64
000000000045fe90 T __fstatat
000000000045fe90 W fstatat
000000000045fe90 T __fstatat64
000000000045fe90 W fstatat64
000000000045fe90 T __GI___fstatat
000000000045fed0 T __libc_open
000000000045fed0 T __libc_open64
000000000045fed0 T __open
000000000045fed0 W open
000000000045fed0 T __open64
000000000045fed0 W open64
0000000000460000 T __libc_read
0000000000460000 W __read
0000000000460000 W read
00000000004600a0 T __libc_write
00000000004600a0 W __write
00000000004600a0 W write
0000000000460140 T __libc_lseek
0000000000460140 T __libc_lseek64
0000000000460140 W __lseek
0000000000460140 W lseek
0000000000460140 T __lseek64
0000000000460140 W lseek64
0000000000460170 W __fcntl
0000000000460170 W fcntl
0000000000460170 W __fcntl64
0000000000460170 W fcntl64
0000000000460170 W __GI___fcntl
0000000000460170 W __libc_fcntl
0000000000460170 T __libc_fcntl64
0000000000460270 T __close
0000000000460270 W close
0000000000460270 T __libc_close
0000000000460300 T __dup
0000000000460300 W dup
0000000000460330 T __getcwd
0000000000460330 W getcwd
0000000000460a50 T __readlink
0000000000460a50 W readlink
0000000000460a80 T __close_nocancel
0000000000460ab0 T __fcntl64_nocancel
0000000000460b60 T __fcntl64_nocancel_adjusted
0000000000460bf0 T __open64_nocancel
0000000000460bf0 T __open_nocancel
0000000000460ca0 T __read_nocancel
0000000000460cd0 T __write_nocancel
0000000000460d00 T __getrlimit
0000000000460d00 W getrlimit
0000000000460d00 T __getrlimit64
0000000000460d00 W getrlimit64
0000000000460d00 T __GI___getrlimit
0000000000460d00 T __GI_getrlimit
0000000000460d40 T __brk
0000000000460d40 W brk
0000000000460d80 T __sbrk
0000000000460d80 W sbrk
0000000000460e10 T __getpagesize
0000000000460e10 W getpagesize
0000000000460e50 T __getdtablesize
0000000000460e50 W getdtablesize
0000000000460ea0 W __mmap
0000000000460ea0 W mmap
0000000000460ea0 T __mmap64
0000000000460ea0 W mmap64
0000000000460f00 T __munmap
0000000000460f00 W munmap
0000000000460f30 T __mprotect
0000000000460f30 W mprotect
0000000000460f60 T __madvise
0000000000460f60 W madvise
0000000000460f90 t trecurse
0000000000461020 t trecurse_r
00000000004610b0 t tdestroy_recurse
0000000000461290 T __tsearch
0000000000461290 W tsearch
0000000000461690 T __tfind
0000000000461690 W tfind
0000000000461710 T __tdelete
0000000000461710 W tdelete
0000000000461d70 T __twalk
0000000000461d70 W twalk
0000000000461e20 T __twalk_r
0000000000461e20 W twalk_r
0000000000461ed0 T __tdestroy
0000000000461ed0 W tdestroy
0000000000462080 t get_nprocs_cpu_online
0000000000462270 t get_nproc_stat
0000000000462460 T __get_nprocs_sched
00000000004624e0 T __get_nprocs
00000000004624e0 W get_nprocs
0000000000462520 T __get_nprocs_conf
0000000000462520 W get_nprocs_conf
0000000000462620 T __get_phys_pages
0000000000462620 W get_phys_pages
00000000004626b0 T __get_avphys_pages
00000000004626b0 W get_avphys_pages
0000000000462740 T __getclktck
0000000000462760 T __init_misc
00000000004627c0 T __mremap
00000000004627c0 W mremap
0000000000462860 T __sysinfo
0000000000462860 W sysinfo
0000000000462890 T __malloc_default_thp_pagesize
0000000000462940 T __malloc_thp_mode
0000000000462a10 T __malloc_hugepage_config
0000000000462c80 t __profil_counter
0000000000462cd0 T __profil
0000000000462cd0 W profil
0000000000462ea0 T __profile_frequency
0000000000462eb0 T __wctrans
0000000000462eb0 W wctrans
0000000000462f40 T __towctrans
0000000000462f40 W towctrans
0000000000462f90 T __chk_fail
0000000000462fb0 T __readonly_area
00000000004631c0 T __stack_chk_fail
00000000004631c0 T __stack_chk_fail_local
00000000004631e0 T __fortify_fail
0000000000463210 T _dl_debug_state
0000000000463220 T _dl_debug_update
0000000000463270 T _dl_debug_initialize
0000000000463310 t _dl_resize_dtv
00000000004633c0 T _dl_tls_static_surplus_init
0000000000463460 T _dl_assign_tls_modid
0000000000463570 T _dl_count_modids
00000000004635e0 T _dl_get_tls_static_info
0000000000463600 T _dl_allocate_tls_storage
00000000004636d0 T _dl_allocate_tls_init
0000000000463960 T _dl_allocate_tls
0000000000463c30 T _dl_deallocate_tls
0000000000463cc0 T _dl_tls_get_addr_soft
0000000000463d40 T _dl_add_to_slotinfo
0000000000463e40 T _dl_init_static_tls
0000000000463f70 T __tls_pre_init_tp
0000000000463fc0 T __tls_init_tp
0000000000464100 t do_tunable_update_val
00000000004641f0 t parse_tunables
0000000000464600 T __tunable_set_val
0000000000464750 T __tunables_init
0000000000464a40 T __tunables_print
0000000000464b50 T __tunable_get_val
0000000000464bc0 t fatal_error
0000000000464c70 T _dl_signal_exception
0000000000464cc0 T _dl_signal_error
0000000000464d20 T _dl_catch_exception
0000000000464e40 T _dl_catch_error
0000000000464eb0 T _dl_mcount_wrapper
0000000000464ec0 T _dl_mcount_wrapper_check
0000000000464ef0 T _dl_aux_init
00000000004652f0 T _dl_non_dynamic_init
0000000000465e80 T _dl_get_dl_main_map
0000000000465e90 T _dl_audit_pltexit
0000000000465ea0 T _dl_tunable_set_hwcaps
0000000000466960 T _dl_tunable_set_x86_ibt
00000000004669f0 T _dl_tunable_set_x86_shstk
0000000000466a80 T _dl_discover_osversion
0000000000466b90 T __libc_init_secure
0000000000466be0 T __libc_early_init
0000000000466cb0 T __libc_init_first
0000000000466cf0 T __gconv_open
0000000000467130 T __gconv
0000000000467350 T __gconv_close
00000000004673b0 T __gconv_alias_compare
00000000004673c0 t derivation_compare
0000000000467400 t find_derivation
0000000000468110 T __gconv_get_modules_db
0000000000468120 T __gconv_get_alias_db
0000000000468130 T __gconv_release_step
00000000004681b0 T __gconv_compare_alias
00000000004682b0 T __gconv_find_transform
0000000000468510 T __gconv_close_transform
0000000000468630 t __gconv_get_path
00000000004689f0 t insert_module
0000000000468b00 t add_module
0000000000468ef0 t read_conf_file.isra.0
0000000000469270 t __gconv_read_conf
0000000000469610 T __gconv_load_conf
0000000000469630 T __gconv_get_builtin_trans
0000000000469840 T __gconv_btwoc_ascii
0000000000469860 T __gconv_transform_internal_ucs4
0000000000469de0 T __gconv_transform_ucs4_internal
000000000046a630 T __gconv_transform_internal_ucs4le
000000000046abc0 T __gconv_transform_ucs4le_internal
000000000046b440 T __gconv_transform_ascii_internal
000000000046ba60 T __gconv_transform_internal_ascii
000000000046c770 T __gconv_transform_internal_utf8
000000000046d690 T __gconv_transform_utf8_internal
000000000046e700 T __gconv_transform_ucs2_internal
000000000046f100 T __gconv_transform_internal_ucs2
000000000046feb0 T __gconv_transform_ucs2reverse_internal
00000000004708c0 T __gconv_transform_internal_ucs2reverse
0000000000471680 T __gconv_transliterate
0000000000471b30 t find_module_idx
0000000000471c10 t find_module.constprop.0
0000000000471d60 T __gconv_get_cache
0000000000471d70 T __gconv_load_cache
0000000000471f80 T __gconv_compare_alias_cache
0000000000472020 T __gconv_lookup_cache
0000000000472520 T __gconv_release_cache
0000000000472540 t known_compare
0000000000472550 t do_release_shlib
00000000004725d0 T __gconv_find_shlib
00000000004727c0 T __gconv_release_shlib
00000000004727e0 t gconv_parse_code
0000000000472940 T __gconv_create_spec
0000000000472c30 T __gconv_destroy_spec
0000000000472c50 t new_composite_name
0000000000472eb0 T setlocale
00000000004737b0 T _nl_find_locale
0000000000474060 T _nl_remove_locale
00000000004740c0 T _nl_intern_locale_data
0000000000474320 T _nl_load_locale
00000000004746c0 T _nl_unload_locale
0000000000474720 T _nl_load_locale_from_archive
0000000000474e20 T _nl_postload_ctype
0000000000474ea0 T __current_locale_name
0000000000474ec0 T __ctype_b_loc
0000000000474ee0 T __ctype_toupper_loc
0000000000474f00 T __ctype_tolower_loc
0000000000474f20 T __ctype_init
0000000000474f80 T _quicksort
0000000000475be0 T __add_to_environ
0000000000475f80 T __setenv
0000000000475f80 W setenv
0000000000475fe0 T __unsetenv
0000000000475fe0 W unsetenv
00000000004760f0 T __clearenv
00000000004760f0 W clearenv
0000000000476180 T __libc_secure_getenv
0000000000476180 W secure_getenv
00000000004761a0 T __getrandom
00000000004761a0 W getrandom
0000000000476240 T __strtol_internal
0000000000476240 T __strtoll_internal
0000000000476260 W strtoimax
0000000000476260 T __strtol
0000000000476260 W strtol
0000000000476260 W strtoll
0000000000476260 W strtoq
0000000000476280 T ____strtol_l_internal
0000000000476280 T ____strtoll_l_internal
00000000004767a0 W __strtol_l
00000000004767a0 W strtol_l
00000000004767a0 W __strtoll_l
00000000004767a0 W strtoll_l
00000000004767b0 T __strtof_internal
00000000004767d0 W strtof
00000000004767d0 W strtof32
00000000004767f0 T __strtod_internal
0000000000476810 W strtod
0000000000476810 W strtof32x
0000000000476810 W strtof64
0000000000476830 T __strtold_internal
0000000000476850 W strtof64x
0000000000476850 W strtold
0000000000476870 t str_to_mpn.constprop.0
0000000000476b10 t round_and_return
0000000000477030 T ____strtof_l_internal
0000000000479770 W strtof32_l
0000000000479770 W __strtof_l
0000000000479770 W strtof_l
0000000000479780 t str_to_mpn.constprop.0
0000000000479a20 t round_and_return
0000000000479f60 T ____strtod_l_internal
000000000047c400 W __strtod_l
000000000047c400 W strtod_l
000000000047c400 W strtof32x_l
000000000047c400 W strtof64_l
000000000047c410 t str_to_mpn.constprop.0
000000000047c6c0 t round_and_return
000000000047cbd0 T ____strtold_l_internal
000000000047ef10 W strtof64x_l
000000000047ef10 W __strtold_l
000000000047ef10 W strtold_l
000000000047ef20 T __strtof_nan
000000000047efd0 T __strtod_nan
000000000047f0a0 T __strtold_nan
000000000047f170 T __mpn_add_n
000000000047f220 T __mpn_cmp
000000000047f260 T __mpn_lshift
000000000047f380 T __mpn_rshift
000000000047f490 T __mpn_mul
000000000047f920 T __mpn_mul_1
000000000047fa40 T __mpn_impn_mul_n_basecase
000000000047fb90 T __mpn_impn_mul_n
00000000004800f0 T __mpn_impn_sqr_n_basecase
0000000000480240 T __mpn_impn_sqr_n
0000000000480700 T __mpn_mul_n
0000000000480820 T __mpn_sub_n
00000000004808d0 T __mpn_submul_1
00000000004809c0 T __mpn_construct_float
00000000004809f0 T __mpn_construct_double
0000000000480a30 T __mpn_construct_long_double
0000000000480a60 T __strtof128_internal
0000000000480a80 W strtof128
0000000000480aa0 t str_to_mpn.constprop.0
0000000000480d50 t round_and_return
0000000000481410 T ____strtof128_l_internal
0000000000483a70 W __strtof128_l
0000000000483a70 W strtof128_l
0000000000483a80 T __strtof128_nan
0000000000483b30 T __mpn_construct_float128
0000000000483bc0 T _itoa_word
0000000000483ca0 T _fitoa_word
0000000000483e30 t hack_digit
0000000000483f80 t _i18n_number_rewrite
0000000000484290 T __printf_fp_l
0000000000486e80 T ___printf_fp
0000000000486e80 T __printf_fp
0000000000486ea0 T __guess_grouping
0000000000486ef0 T __register_printf_specifier
0000000000486ef0 W register_printf_specifier
0000000000486fe0 T __register_printf_function
0000000000486fe0 W register_printf_function
00000000004870d0 T __printf_fphex
0000000000488ef0 T __register_printf_modifier
0000000000488ef0 W register_printf_modifier
0000000000489070 T __handle_registered_modifier_mb
0000000000489140 T __handle_registered_modifier_wc
0000000000489210 T __register_printf_type
0000000000489210 W register_printf_type
0000000000489300 T __funlockfile
0000000000489300 W funlockfile
0000000000489300 W _IO_funlockfile
0000000000489340 t _IO_helper_overflow
0000000000489450 t group_number
0000000000489530 t _i18n_number_rewrite
00000000004896f0 t outstring_func.part.0
0000000000489720 t outstring_converted_wide_string
0000000000489bb0 t printf_positional
000000000048c570 T __vfwprintf_internal
000000000048e9b0 t buffered_vfprintf
000000000048ec30 T __parse_one_specwc
000000000048f5c0 T _IO_file_doallocate
000000000048f730 W fputs
000000000048f730 T _IO_fputs
000000000048f860 T _IO_wfile_doallocate
000000000048f8f0 T __getdelim
000000000048f8f0 W getdelim
000000000048fbb0 T _IO_getline_info
000000000048fd50 T _IO_getline
000000000048fd60 T _IO_wpadn
000000000048fea0 t save_for_wbackup
00000000004900f0 T _IO_least_wmarker
0000000000490130 T _IO_switch_to_main_wget_area
0000000000490170 T _IO_switch_to_wbackup_area
00000000004901b0 T _IO_wsetb
0000000000490220 T _IO_wdefault_pbackfail
00000000004903e0 T _IO_wdefault_finish
0000000000490460 T _IO_wdefault_uflow
00000000004904e0 T __woverflow
0000000000490560 T _IO_wdefault_xsputn
00000000004907a0 T _IO_wdoallocbuf
0000000000490850 T _IO_wdefault_doallocate
00000000004908e0 T _IO_switch_to_wget_mode
0000000000490960 T __wuflow
0000000000490ae0 T __wunderflow
0000000000490c60 T _IO_wdefault_xsgetn
0000000000490f60 T _IO_free_wbackup_area
0000000000490fc0 T _IO_sputbackwc
0000000000491040 T _IO_sungetwc
00000000004910c0 T _IO_adjust_wcolumn
0000000000491100 T _IO_init_wmarker
0000000000491170 T _IO_wmarker_delta
00000000004911c0 T _IO_seekwmark
0000000000491270 T _IO_unsave_wmarkers
00000000004912f0 T __pthread_enable_asynccancel
0000000000491360 T __pthread_disable_asynccancel
0000000000491380 T _dl_tunable_set_elision_skip_lock_busy
0000000000491390 T _dl_tunable_set_elision_skip_lock_internal_abort
00000000004913a0 T _dl_tunable_set_elision_retry_try_xbegin
00000000004913b0 T _dl_tunable_set_elision_skip_trylock_internal_abort
00000000004913c0 T _dl_tunable_set_elision_enable
00000000004913f0 T __lll_elision_init
00000000004914b0 T __futex_abstimed_wait64
0000000000491540 T __futex_abstimed_wait_cancelable64
0000000000491660 T __futex_lock_pi64
00000000004916d0 t _dl_tunable_set_mutex_spin_count
00000000004916e0 t _dl_tunable_set_stack_cache_size
00000000004916f0 T __pthread_tunables_init
0000000000491750 t __pthread_mutex_lock_full
0000000000491ea0 T ___pthread_mutex_lock
0000000000491ea0 T __pthread_mutex_lock
0000000000491ea0 W pthread_mutex_lock
0000000000492160 t __pthread_mutex_unlock_full
00000000004925f0 T __pthread_mutex_unlock_usercnt
0000000000492710 T ___pthread_mutex_unlock
0000000000492710 T __pthread_mutex_unlock
0000000000492710 W pthread_mutex_unlock
0000000000492840 t __pthread_once_slow
0000000000492980 t clear_once_control
00000000004929d0 t __pthread_cleanup_combined_routine_voidptr
0000000000492a00 T ___pthread_once
0000000000492a00 T __pthread_once
0000000000492a00 W pthread_once
0000000000492a20 T __init_sched_fifo_prio
0000000000492a50 T __pthread_tpp_change_priority
0000000000492e50 T __pthread_current_priority
0000000000492f90 T __strndup
0000000000492f90 W strndup
0000000000492fe0 i rindex
0000000000492fe0 i strrchr
0000000000492fe0 t strrchr_ifunc
0000000000493050 T __strtok_r
0000000000493050 W strtok_r
00000000004930d0 i __memchr
00000000004930d0 i memchr
00000000004930d0 t memchr_ifunc
0000000000493150 i __strncasecmp_l
0000000000493150 i strncasecmp_l
0000000000493150 t __strncasecmp_l_ifunc
00000000004931a0 t two_way_long_needle
0000000000493530 T __memmem
0000000000493530 W memmem
00000000004937f0 T __argz_create_sep
00000000004937f0 W argz_create_sep
00000000004938d0 T __argz_add_sep
00000000004938d0 W argz_add_sep
00000000004939a0 T __memchr_sse2
0000000000493ce0 T __memchr_avx2
0000000000493fb0 T __strncasecmp_sse2
0000000000493fd0 T __strncasecmp_l_sse2
0000000000496610 T __strncasecmp_ssse3
0000000000496630 T __strncasecmp_l_ssse3
0000000000498b80 T __strncasecmp_sse42
0000000000498b94 T __strncasecmp_l_sse42
000000000049ab50 T __strncasecmp_avx
000000000049ab64 T __strncasecmp_l_avx
000000000049c510 T __strrchr_sse2
000000000049c810 T __strrchr_avx2
000000000049c9e0 T __memchr_avx2_rtm
000000000049cca0 T __strrchr_avx2_rtm
000000000049ce80 T __memchr_evex
000000000049d160 T __strrchr_evex
000000000049d360 T __memchr_evex_rtm
000000000049d650 T __strncasecmp_l_nonascii
000000000049d6a0 T __cache_sysconf
000000000049d790 i __wcslen
000000000049d790 i wcslen
000000000049d790 t __wcslen_ifunc
000000000049d800 i __wmemchr
000000000049d800 i wmemchr
000000000049d800 t __wmemchr_ifunc
000000000049d880 T __wmemcpy
000000000049d880 W wmemcpy
000000000049d890 T __wmemmove
000000000049d890 W wmemmove
000000000049d8a0 i __wmemset
000000000049d8a0 i wmemset
000000000049d8a0 t __wmemset_ifunc
000000000049d910 T __btowc
000000000049d910 W btowc
000000000049dad0 T __wcschrnul
000000000049dad0 W wcschrnul
000000000049daf0 T __wmemchr_sse2
000000000049dea0 T __wmemchr_avx2
000000000049e190 T __wcslen_sse2
000000000049e430 T __wcslen_sse4_1
000000000049e5e0 T __wcslen_avx2
000000000049e7e0 T __wcslen_avx2_rtm
000000000049e9e0 T __wmemchr_avx2_rtm
000000000049ecc0 T __wcslen_evex
000000000049ee40 T __wmemchr_evex
000000000049f140 T __wmemchr_evex_rtm
000000000049f460 T __setitimer
000000000049f460 W setitimer
000000000049f490 T __opendirat
000000000049f5d0 T __opendir
000000000049f5d0 W opendir
000000000049f710 T __alloc_dir
000000000049f800 T __closedir
000000000049f800 W closedir
000000000049f830 T __rewinddir
000000000049f830 W rewinddir
000000000049f8b0 T __getdents
000000000049f8b0 T __getdents64
000000000049f8b0 W getdents64
000000000049f8f0 T __readdir
000000000049f8f0 W readdir
000000000049f8f0 T __readdir64
000000000049f8f0 W readdir64
000000000049f9f0 T __fdopendir
000000000049f9f0 W fdopendir
000000000049fab0 T __uname
000000000049fab0 W uname
000000000049fae0 T __getuid
000000000049fae0 W getuid
000000000049faf0 T __geteuid
000000000049faf0 W geteuid
000000000049fb00 T __getgid
000000000049fb00 W getgid
000000000049fb10 T __getegid
000000000049fb10 W getegid
000000000049fb20 T __sched_getparam
000000000049fb20 W sched_getparam
000000000049fb50 T __sched_setscheduler
000000000049fb50 W sched_setscheduler
000000000049fb80 T __sched_getscheduler
000000000049fb80 W sched_getscheduler
000000000049fbb0 T __sched_get_priority_max
000000000049fbb0 W sched_get_priority_max
000000000049fbe0 T __sched_get_priority_min
000000000049fbe0 W sched_get_priority_min
000000000049fc10 T __sched_cpucount
000000000049fc60 T __lstat
000000000049fc60 W lstat
000000000049fc60 T __lstat64
000000000049fc60 W lstat64
000000000049fc80 T __libc_openat64
000000000049fc80 T __openat
000000000049fc80 W openat
000000000049fc80 T __openat64
000000000049fc80 W openat64
000000000049fdb0 T __isatty
000000000049fdb0 W isatty
000000000049fe00 T __openat64_nocancel
000000000049fe00 T __openat_nocancel
000000000049fea0 T __pread64_nocancel
000000000049fee0 T __tcgetattr
000000000049fee0 W tcgetattr
000000000049ffc0 t length_mismatch
000000000049ffe0 T _dl_error_free
00000000004a0000 T _dl_exception_create
00000000004a00c0 T _dl_exception_create_format
00000000004a04f0 T _dl_exception_free
00000000004a0520 t is_dst
00000000004a05d0 t is_trusted_path_normalize
00000000004a0800 t open_verify.constprop.0
00000000004a0de0 t open_verify.constprop.1
00000000004a1440 t add_path.constprop.0.isra.0
00000000004a1520 t open_path.isra.0
00000000004a1ae0 t add_name_to_object.isra.0
00000000004a1bd0 t _dl_map_object_from_fd.constprop.0
00000000004a3280 T _dl_dst_count
00000000004a3330 T _dl_dst_substitute
00000000004a34c0 t expand_dynamic_string_token
00000000004a3640 t fillin_rpath.isra.0
00000000004a38b0 t decompose_rpath
00000000004a3a80 T _dl_init_paths
00000000004a3e50 T _dl_process_pt_gnu_property
00000000004a3ec0 T _dl_map_object
00000000004a4950 T _dl_rtld_di_serinfo
00000000004a4c30 t check_match
00000000004a4de0 t do_lookup_x
00000000004a5ab0 T _dl_lookup_symbol_x
00000000004a65d0 T __minimal_malloc
00000000004a66f0 T __minimal_calloc
00000000004a6730 T __minimal_free
00000000004a6770 T __minimal_realloc
00000000004a6800 T _dl_sysdep_read_whole_file
00000000004a6890 T _dl_name_match_p
00000000004a6900 T _dl_higher_prime_number
00000000004a6950 T _dl_strtoul
00000000004a6af0 T _dl_add_to_namespace_list
00000000004a6b90 T _dl_new_object
00000000004a6ea0 T _dl_get_origin
00000000004a7000 t _dl_debug_vdprintf
00000000004a76e0 T _dl_debug_printf
00000000004a7790 T _dl_debug_printf_c
00000000004a7840 T _dl_dprintf
00000000004a78e0 T _dl_printf
00000000004a7990 T _dl_error_printf
00000000004a7a40 T _dl_fatal_printf
00000000004a7af0 T _dl_start_profile
00000000004a82e0 T _dl_mcount
00000000004a8540 T _dl_try_allocate_static_tls
00000000004a8630 T _dl_allocate_static_tls
00000000004a86f0 T _dl_protect_relro
00000000004a8760 T _dl_reloc_bad_type
00000000004a8830 T _dl_relocate_object
00000000004aa510 T _dl_scope_free
00000000004aa600 T _dl_setup_hash
00000000004aa6f0 T __thread_gscope_wait
00000000004aa8c0 T _dl_runtime_profile_avx512
00000000004aacd0 T _dl_runtime_profile_avx
00000000004ab0e0 T _dl_runtime_profile_sse
00000000004ab270 T _dl_runtime_resolve_fxsave
00000000004ab2f0 T _dl_runtime_resolve_xsave
00000000004ab3c0 T _dl_runtime_resolve_xsavec
00000000004ab480 T _dl_cache_libcmp
00000000004ab560 T _dl_load_cache_lookup
00000000004abc50 T _dl_unload_cache
00000000004abc90 T _dl_tlsdesc_return
00000000004abca0 T _dl_tlsdesc_undefweak
00000000004abcc0 t do_dlopen
00000000004abd00 t do_dlsym_private
00000000004abd90 t do_dlsym
00000000004abdd0 t do_dlvsym
00000000004abe10 t do_dlclose
00000000004abe20 T __libc_dlopen_mode
00000000004abed0 T __libc_dlsym_private
00000000004abfa0 T __libc_dlsym
00000000004ac070 T __libc_dlvsym
00000000004ac210 T __libc_dlclose
00000000004ac2a0 T __mpn_addmul_1
00000000004ac390 T __mpn_divrem
00000000004ac9e0 T __mpn_extract_double
00000000004aca70 T __mpn_extract_long_double
00000000004acb30 T __mpn_extract_float128
00000000004acc80 T __pthread_cleanup_push
00000000004acc80 W _pthread_cleanup_push
00000000004accb0 T __pthread_cleanup_pop
00000000004accb0 W _pthread_cleanup_pop
00000000004acce0 T __lll_lock_elision
00000000004acda0 T __lll_unlock_elision
00000000004acdd0 T __nptl_stack_list_del
00000000004ace00 T __nptl_stack_list_add
00000000004ace40 T __nptl_free_stacks
00000000004acf00 T __nptl_deallocate_stack
00000000004ad010 T __pthread_get_minstack
00000000004ad050 i strspn
00000000004ad050 t strspn_ifunc
00000000004ad070 T __strsep
00000000004ad070 W strsep
00000000004ad070 T __strsep_g
00000000004ad0d0 T __strspn_sse2
00000000004ad180 T __strspn_sse42
00000000004ad2b0 t call_destructors
00000000004ad330 t remove_slotinfo
00000000004ad460 t _dl_close_worker.part.0.isra.0
00000000004ae1f0 T _dl_close_worker
00000000004ae260 T _dl_close
00000000004ae330 T _dl_make_stacks_executable
00000000004ae4c0 T __nptl_change_stack_perm
00000000004ae500 t _dl_find_object_from_map
00000000004ae570 t _dlfo_process_initial
00000000004ae700 T _dl_find_object
00000000004aea50 T _dlfo_sort_mappings
00000000004aeb00 T _dl_find_object_init
00000000004aedc0 T _dl_find_object_update
00000000004af2f0 T _dl_find_object_dlclose
00000000004af3d0 T _dl_find_object_freeres
00000000004af440 t add_to_global_update
00000000004af580 t call_dl_init
00000000004af5a0 t dl_open_worker
00000000004af690 t add_to_global_resize_failure.isra.0
00000000004af6b0 t add_to_global_resize
00000000004af830 T _dl_find_dso_for_object
00000000004af8e0 T _dl_open
00000000004afab0 T _dl_show_scope
00000000004afc10 t dl_open_worker_begin
00000000004b0640 T _dl_fixup
00000000004b0810 T _dl_profile_fixup
00000000004b0a70 t dfs_traversal.part.0
00000000004b0b50 T _dl_sort_maps_init
00000000004b0b80 T _dl_sort_maps
00000000004b1000 T _dl_check_map_versions
00000000004b18f0 T _dl_check_all_versions
00000000004b1980 T _dl_unmap
00000000004b19a0 T _dl_cet_open_check
00000000004b1d00 T _dl_addr_inside_object
00000000004b1d80 T __rtld_static_init
00000000004b1e70 T __dladdr
00000000004b1e70 W dladdr
00000000004b1e80 T __dladdr1
00000000004b1e80 W dladdr1
00000000004b1eb0 T __dlclose
00000000004b1eb0 W dlclose
00000000004b1ed0 T __dlerror
00000000004b1ed0 W dlerror
00000000004b20a0 T _dlerror_run
00000000004b22b0 t dlinfo_doit
00000000004b2390 T __dlinfo
00000000004b2390 W dlinfo
00000000004b23f0 t dlmopen_doit
00000000004b2460 T __dlmopen
00000000004b24d0 T ___dlmopen
00000000004b24d0 W dlmopen
00000000004b2540 t dlopen_doit
00000000004b25c0 T __dlopen
00000000004b2620 T ___dlopen
00000000004b2620 W dlopen
00000000004b2680 t dlsym_doit
00000000004b26a0 T __dlsym
00000000004b2730 T ___dlsym
00000000004b2730 W dlsym
00000000004b27c0 t dlvsym_doit
00000000004b27f0 T __dlvsym
00000000004b2890 T ___dlvsym
00000000004b2890 W dlvsym
00000000004b2930 T __libc_dlerror_result_free
00000000004b29a0 T _dl_call_libc_early_init
00000000004b2a30 t openaux
00000000004b2a70 t _dl_build_local_scope
00000000004b2e10 T _dl_map_object_deps
00000000004b4070 t call_init.part.0
00000000004b4160 T _dl_init
00000000004b42f0 T _dl_lookup_direct
00000000004b4610 T _dl_addr
00000000004b4960 t call_dl_lookup
00000000004b49a0 T _dl_vsym
00000000004b4cc0 T _dl_sym
00000000004b4f00 T __addtf3
00000000004b61e0 T __multf3
00000000004b6d10 T __unordtf2
00000000004b6ed0 T __letf2
00000000004b6ed0 T __lttf2
00000000004b7110 T __sfp_handle_exceptions
00000000004b7190 t init_dwarf_reg_size_table
00000000004b7210 t uw_install_context_1
00000000004b73c0 t read_encoded_value
00000000004b7570 t execute_stack_op
00000000004b7d40 t uw_update_context_1
00000000004b8180 t execute_cfa_program
00000000004b8a30 t uw_frame_state_for
00000000004b90a0 t uw_init_context_1
00000000004b9220 t _Unwind_RaiseException_Phase2
00000000004b9360 t _Unwind_ForcedUnwind_Phase2
00000000004b94d0 T _Unwind_GetGR
00000000004b9510 T _Unwind_GetCFA
00000000004b9520 T _Unwind_SetGR
00000000004b9570 T _Unwind_GetIP
00000000004b9580 T _Unwind_GetIPInfo
00000000004b95a0 T _Unwind_SetIP
00000000004b95b0 T _Unwind_GetLanguageSpecificData
00000000004b95c0 T _Unwind_GetRegionStart
00000000004b95d0 T _Unwind_FindEnclosingFunction
00000000004b9600 T _Unwind_GetDataRelBase
00000000004b9610 T _Unwind_GetTextRelBase
00000000004b9620 T __frame_state_for
00000000004b9740 t _Unwind_DebugHook
00000000004b9750 T _Unwind_RaiseException
00000000004b9af0 T _Unwind_ForcedUnwind
00000000004b9cd0 T _Unwind_Resume
00000000004b9eb0 T _Unwind_Resume_or_Rethrow
00000000004b9fd0 T _Unwind_DeleteException
00000000004ba000 T _Unwind_Backtrace
00000000004ba110 t fde_unencoded_compare
00000000004ba130 t frame_downheap
00000000004ba1f0 t frame_heapsort
00000000004ba2a0 t read_encoded_value_with_base
00000000004ba3f0 t get_cie_encoding
00000000004ba520 t classify_object_over_fdes
00000000004ba720 t fde_single_encoding_compare
00000000004ba7d0 t fde_mixed_encoding_compare
00000000004ba900 t add_fdes
00000000004babc0 t linear_search_fdes
00000000004baee0 t _Unwind_IteratePhdrCallback
00000000004bb490 t search_object
00000000004bbb80 T __register_frame_info_bases
00000000004bbc30 T __register_frame_info
00000000004bbcf0 T __register_frame
00000000004bbd20 T __register_frame_info_table_bases
00000000004bbdb0 T __register_frame_info_table
00000000004bbe50 T __register_frame_table
00000000004bbf00 T __deregister_frame_info_bases
00000000004bc030 T __deregister_frame_info
00000000004bc040 T __deregister_frame
00000000004bc070 T _Unwind_Find_FDE
00000000004bc2d0 t base_of_encoded_value
00000000004bc340 t read_encoded_value_with_base
00000000004bc490 T __gcc_personality_v0
00000000004bc770 T __dl_iterate_phdr
00000000004bc770 W dl_iterate_phdr
00000000004bc8b0 t free_mem
00000000004bc970 T _nl_finddomain_subfreeres
00000000004bc9d0 T _nl_unload_domain
00000000004bcac0 t buffer_free
00000000004bcb10 t free_derivation
00000000004bcbd0 t free_modules_db
00000000004bcfd0 t free_mem
00000000004bd200 t free_mem
00000000004bd230 t free_mem
00000000004bd270 t do_release_all
00000000004bd290 t free_mem
00000000004bd2c0 t free_category
00000000004bd380 T _nl_locale_subfreeres
00000000004bd5a0 T _nl_archive_subfreeres
00000000004bd6a0 t free_mem
00000000004bd760 t free_mem
00000000004bd7c0 t free_slotinfo
00000000004bda80 t free_mem
00000000004bdd80 T _fini
00000000004be000 R _IO_stdin_used
00000000004be2d0 r __PRETTY_FUNCTION__.0
00000000004be420 r intel_02_known
00000000004be730 r __PRETTY_FUNCTION__.1
00000000004be750 r __PRETTY_FUNCTION__.0
00000000004be7f0 r errstr.0
00000000004be85b R _nl_POSIX_name
00000000004be870 R _nl_default_dirname
00000000004be888 R _nl_default_default_domain
00000000004bed58 r aliasfile.0
00000000004befa8 r yyr2
00000000004befb8 r yyr1
00000000004befe0 r yycheck
00000000004bf020 r yytable
00000000004bf059 r yydefgoto
00000000004bf060 r yydefact
00000000004bf080 r yytranslate
00000000004bf187 r yypgoto
00000000004bf189 r not_available
00000000004bf190 r yypact
00000000004bf1c0 r plone
00000000004bf1e0 r plvar
00000000004bf238 r __PRETTY_FUNCTION__.0
00000000004bf250 r __PRETTY_FUNCTION__.1
00000000004bf280 r random_poly_info
00000000004bf6b0 r __PRETTY_FUNCTION__.0
00000000004bf6e9 r null
00000000004bf798 r __PRETTY_FUNCTION__.2
00000000004bf798 r __PRETTY_FUNCTION__.2
00000000004bf7e0 r jump_table
00000000004bf840 r __PRETTY_FUNCTION__.1
00000000004bf840 r __PRETTY_FUNCTION__.1
00000000004c04e0 r _sys_errname
00000000004c0940 r _sys_errnameidx
00000000004c0c90 r zeroes
00000000004c0cb0 r blanks
00000000004c0cf0 r __PRETTY_FUNCTION__.0
00000000004c0d40 r __PRETTY_FUNCTION__.0
00000000004c0fd0 r __PRETTY_FUNCTION__.0
00000000004c1020 r __PRETTY_FUNCTION__.0
00000000004c1080 r sigall_set
00000000004c1100 r default_rwlockattr
00000000004c13dc r __PRETTY_FUNCTION__.20
00000000004c2390 r __PRETTY_FUNCTION__.19
00000000004c23a0 r __PRETTY_FUNCTION__.18
00000000004c23b0 r __PRETTY_FUNCTION__.17
00000000004c23c0 r __PRETTY_FUNCTION__.16
00000000004c23d0 r __PRETTY_FUNCTION__.15
00000000004c23e0 r __PRETTY_FUNCTION__.14
00000000004c23f0 r __PRETTY_FUNCTION__.13
00000000004c2400 r __PRETTY_FUNCTION__.11
00000000004c2410 r __PRETTY_FUNCTION__.10
00000000004c2420 r __PRETTY_FUNCTION__.9
00000000004c2430 r __PRETTY_FUNCTION__.8
00000000004c2440 r __PRETTY_FUNCTION__.7
00000000004c2450 r __PRETTY_FUNCTION__.4
00000000004c2460 r __PRETTY_FUNCTION__.3
00000000004c2470 r __PRETTY_FUNCTION__.1
00000000004c24b0 r __PRETTY_FUNCTION__.6
00000000004c24d0 r __PRETTY_FUNCTION__.0
00000000004c3780 R ___m128i_shift_right
00000000004c3868 r __PRETTY_FUNCTION__.0
00000000004c3880 r __PRETTY_FUNCTION__.0
00000000004c38d8 r __PRETTY_FUNCTION__.0
00000000004c3988 r __PRETTY_FUNCTION__.0
00000000004c3ae8 r __PRETTY_FUNCTION__.0
00000000004c3dc0 r __PRETTY_FUNCTION__.2
00000000004c3de0 r __PRETTY_FUNCTION__.1
00000000004c3e50 r __PRETTY_FUNCTION__.0
00000000004c3e90 r __PRETTY_FUNCTION__.0
00000000004c3f20 r __PRETTY_FUNCTION__.0
00000000004c4000 r mode_never.0
00000000004c4020 r mode_madvise.1
00000000004c4040 r mode_always.2
00000000004c4290 r __PRETTY_FUNCTION__.0
00000000004c42b0 r __PRETTY_FUNCTION__.1
00000000004c42d0 r __PRETTY_FUNCTION__.2
00000000004c42e8 r dummy_bucket.7
00000000004c42e8 R __rseq_flags
00000000004c4500 r unsecure_envvars.2
00000000004c4620 R _dl_x86_platforms
00000000004c4650 R _dl_x86_hwcap_flags
00000000004c4808 r __PRETTY_FUNCTION__.1
00000000004c4820 r __PRETTY_FUNCTION__.0
00000000004c4820 r __PRETTY_FUNCTION__.0
00000000004c48a0 R _nl_C_name
00000000004c4ae0 r __PRETTY_FUNCTION__.0
00000000004c4b10 r __PRETTY_FUNCTION__.0
00000000004c4c99 r gconv_module_ext
00000000004c4ca0 r __PRETTY_FUNCTION__.1
00000000004c4cc0 r builtin_aliases
00000000004c50b0 r empty_path_elem
00000000004c50c0 r default_gconv_path
00000000004c50e0 r gconv_conf_filename
00000000004c5130 r __PRETTY_FUNCTION__.0
00000000004c51d1 r inmask.9
00000000004c5340 r __PRETTY_FUNCTION__.0
00000000004c5380 r __PRETTY_FUNCTION__.1
00000000004c53c0 r __PRETTY_FUNCTION__.2
00000000004c5400 r __PRETTY_FUNCTION__.3
00000000004c5440 r __PRETTY_FUNCTION__.5
00000000004c5460 r __PRETTY_FUNCTION__.7
00000000004c5480 r __PRETTY_FUNCTION__.10
00000000004c54a0 r __PRETTY_FUNCTION__.12
00000000004c54c0 r __PRETTY_FUNCTION__.14
00000000004c5500 r __PRETTY_FUNCTION__.15
00000000004c5540 r __PRETTY_FUNCTION__.17
00000000004c5580 r __PRETTY_FUNCTION__.18
00000000004c55c0 r __PRETTY_FUNCTION__.19
00000000004c55e0 r __PRETTY_FUNCTION__.20
00000000004c5600 r __PRETTY_FUNCTION__.4
00000000004c5620 r __PRETTY_FUNCTION__.6
00000000004c5640 r __PRETTY_FUNCTION__.8
00000000004c5660 r __PRETTY_FUNCTION__.11
00000000004c5680 r __PRETTY_FUNCTION__.13
00000000004c56a0 r __PRETTY_FUNCTION__.16
00000000004c5750 r __PRETTY_FUNCTION__.0
00000000004c5770 r __PRETTY_FUNCTION__.1
00000000004c57a8 R _nl_category_name_sizes
00000000004c57c0 R _nl_category_name_idxs
00000000004c57e0 R _nl_category_names
00000000004c5899 r slashdot.0
00000000004c58a0 r __PRETTY_FUNCTION__.1
00000000004c58b0 R _nl_default_locale_path
00000000004c58c0 r codeset_idx.2
00000000004c5960 r _nl_value_type_LC_IDENTIFICATION
00000000004c59a0 r _nl_value_type_LC_ADDRESS
00000000004c59e0 r _nl_value_type_LC_NAME
00000000004c5a00 r _nl_value_type_LC_PAPER
00000000004c5a10 r _nl_value_type_LC_MESSAGES
00000000004c5a10 r _nl_value_type_LC_TELEPHONE
00000000004c5a40 r _nl_value_type_LC_TIME
00000000004c5cc0 r _nl_value_type_LC_NUMERIC
00000000004c5ce0 r _nl_value_type_LC_MONETARY
00000000004c5da0 r _nl_value_type_LC_CTYPE
00000000004c5f00 r _nl_value_type_LC_COLLATE
00000000004c5f60 r _nl_category_num_items
00000000004c5fd0 r __PRETTY_FUNCTION__.0
00000000004c5fe8 r _nl_value_type_LC_MEASUREMENT
00000000004c6040 r __PRETTY_FUNCTION__.0
00000000004c6060 r __PRETTY_FUNCTION__.1
00000000004c6080 r archfname
00000000004c6100 R _nl_C_LC_CTYPE_width
00000000004c6160 R _nl_C_LC_CTYPE_map_tolower
00000000004c6220 R _nl_C_LC_CTYPE_map_toupper
00000000004c62e0 R _nl_C_LC_CTYPE_class_alnum
00000000004c6340 R _nl_C_LC_CTYPE_class_punct
00000000004c63a0 R _nl_C_LC_CTYPE_class_cntrl
00000000004c6400 R _nl_C_LC_CTYPE_class_blank
00000000004c6460 R _nl_C_LC_CTYPE_class_graph
00000000004c64c0 R _nl_C_LC_CTYPE_class_print
00000000004c6520 R _nl_C_LC_CTYPE_class_space
00000000004c6580 R _nl_C_LC_CTYPE_class_xdigit
00000000004c65e0 R _nl_C_LC_CTYPE_class_digit
00000000004c6640 R _nl_C_LC_CTYPE_class_alpha
00000000004c66a0 R _nl_C_LC_CTYPE_class_lower
00000000004c6700 R _nl_C_LC_CTYPE_class_upper
00000000004c6760 R _nl_C_LC_CTYPE_tolower
00000000004c6d60 R _nl_C_LC_CTYPE_toupper
00000000004c7360 R _nl_C_LC_CTYPE_class32
00000000004c7760 R _nl_C_LC_CTYPE_class
00000000004c7a60 r translit_to_tbl
00000000004cd660 r translit_to_idx
00000000004cf060 r translit_from_tbl
00000000004d2440 r translit_from_idx
00000000004d3e84 R _libc_intl_domainname
00000000004d3e90 R _nl_C_codeset
00000000004d3ea0 R __strtol_ul_rem_tab
00000000004d3ee0 R __strtol_ul_max_tab
00000000004d43f0 r __PRETTY_FUNCTION__.2
00000000004d43f0 r __PRETTY_FUNCTION__.2
00000000004d43f0 r __PRETTY_FUNCTION__.2
00000000004d43f0 r __PRETTY_FUNCTION__.2
00000000004d4400 r nbits.1
00000000004d4440 r __PRETTY_FUNCTION__.0
00000000004d44c0 r nbits.1
00000000004d4500 r __PRETTY_FUNCTION__.0
00000000004d45a0 r nbits.1
00000000004d45e0 r __PRETTY_FUNCTION__.0
00000000004d4660 r nbits.1
00000000004d46a0 r __PRETTY_FUNCTION__.0
00000000004d4760 R _tens_in_limb
00000000004d4800 R _fpioconst_pow10
00000000004d4980 R __tens
00000000004d7f80 R _itoa_lower_digits
00000000004d7fc0 R _itoa_upper_digits
00000000004d80c8 r __PRETTY_FUNCTION__.0
00000000004d8140 r jump_table
00000000004d81a0 r null
00000000004d8400 r zeroes
00000000004d8440 r blanks
00000000004d8590 r __PRETTY_FUNCTION__.1
00000000004d85b0 r __PRETTY_FUNCTION__.0
00000000004d8610 r __PRETTY_FUNCTION__.0
00000000004d86f0 r __PRETTY_FUNCTION__.0
00000000004d88c0 r _dl_out_of_memory
00000000004d9038 r __PRETTY_FUNCTION__.8
00000000004d9048 r __PRETTY_FUNCTION__.10
00000000004d9060 r __PRETTY_FUNCTION__.1
00000000004d9080 r __PRETTY_FUNCTION__.6
00000000004d90a0 r __PRETTY_FUNCTION__.9
00000000004d90c0 r expected_note.2
00000000004d90e0 r expected.4
00000000004d9100 r system_dirs
00000000004d9440 r __PRETTY_FUNCTION__.1
00000000004d9450 r __PRETTY_FUNCTION__.2
00000000004d9490 r __PRETTY_FUNCTION__.0
00000000004d94c0 r primes.0
00000000004d9588 r __PRETTY_FUNCTION__.0
00000000004d95f0 r __PRETTY_FUNCTION__.0
00000000004d9ae0 r CSWTCH.102
00000000004d9ae0 r CSWTCH.103
00000000004d9b60 r msg.0
00000000004d9bc0 r errstring.1
00000000004d9c00 r __PRETTY_FUNCTION__.2
00000000004d9c60 r __PRETTY_FUNCTION__.0
00000000004d9cd0 r __PRETTY_FUNCTION__.0
00000000004d9d00 r conversion_rate
00000000004da4c0 r collseqwc
00000000004da8e0 r collseqmb
00000000004da9e0 R _itowa_upper_digits
00000000004daa80 R _itowa_lower_digits
00000000004dad50 r __PRETTY_FUNCTION__.0
00000000004dad60 r __PRETTY_FUNCTION__.1
00000000004dae60 r __PRETTY_FUNCTION__.0
00000000004dae80 r __PRETTY_FUNCTION__.1
00000000004daea0 r __PRETTY_FUNCTION__.2
00000000004db1c0 r __PRETTY_FUNCTION__.2
00000000004db1d0 r __PRETTY_FUNCTION__.4
00000000004db1e0 r __PRETTY_FUNCTION__.0
00000000004db200 r __PRETTY_FUNCTION__.1
00000000004db220 r __PRETTY_FUNCTION__.3
00000000004db240 r __PRETTY_FUNCTION__.5
00000000004db2a0 r __PRETTY_FUNCTION__.1
00000000004db2b0 r __PRETTY_FUNCTION__.0
00000000004db300 r __PRETTY_FUNCTION__.0
00000000004db4b0 r __PRETTY_FUNCTION__.0
00000000004db4c0 r __PRETTY_FUNCTION__.1
00000000004db580 r __PRETTY_FUNCTION__.0
00000000004db650 r __PRETTY_FUNCTION__.0
00000000004db830 r __PRETTY_FUNCTION__.0
00000000004db8c0 r __PRETTY_FUNCTION__.0
00000000004dbc50 r terminator.3
00000000004dbc8c W _.stapsdt.base
00000000004dbcd0 r __EH_FRAME_BEGIN__
00000000004e877c r __FRAME_END__
00000000004ea7d0 d __frame_dummy_init_array_entry
00000000004ea7d0 d __init_array_start
00000000004ea7d0 b __preinit_array_end
00000000004ea7d0 b __preinit_array_start
00000000004ea7d8 d __do_global_dtors_aux_fini_array_entry
00000000004ea7d8 d __fini_array_start
00000000004ea7d8 d __init_array_end
00000000004ea7e0 d __fini_array_end
00000000004ea7e0 D __gettext_germanic_plural
00000000004ea800 d step4_jumps.0
00000000004ea900 d step3b_jumps.4
00000000004eaa00 d step4_jumps.5
00000000004eab00 d step3a_jumps.6
00000000004eac00 d step2_jumps.7
00000000004ead00 d step1_jumps.8
00000000004eae00 d step0_jumps.9
00000000004eaf00 D _sys_errlist_internal
00000000004eb340 D __wcsmbs_gconv_fcts_c
00000000004eb360 d _nl_value_types
00000000004eb3e0 D _nl_C_LC_CTYPE
00000000004eb6e0 d step4_jumps.0
00000000004eb7e0 d step3b_jumps.4
00000000004eb8e0 d step4_jumps.5
00000000004eb9e0 d step3a_jumps.6
00000000004ebae0 d step2_jumps.7
00000000004ebbe0 d step1_jumps.8
00000000004ebce0 d step0_jumps.9
00000000004ebde0 D _nl_C_LC_MESSAGES
00000000004ebe60 D _nl_C_LC_MONETARY
00000000004ec020 D _nl_C_LC_NUMERIC
00000000004ec0a0 D _nl_C_LC_TIME
00000000004ec5e0 D _nl_C_LC_PAPER
00000000004ec640 D _nl_C_LC_NAME
00000000004ec6c0 D _nl_C_LC_ADDRESS
00000000004ec780 D _nl_C_LC_TELEPHONE
00000000004ec800 D _nl_C_LC_MEASUREMENT
00000000004ec860 D _nl_C_LC_IDENTIFICATION
00000000004ec920 D _nl_C_LC_COLLATE
00000000004eca00 d to_mb
00000000004eca80 d to_wc
00000000004ecae8 D __rseq_offset
00000000004ecaf0 D __rseq_size
00000000004ecb00 d tunable_list
00000000004eda50 D _dl_random
00000000004eda58 D _dl_argv
00000000004eda60 D __libc_stack_end
00000000004eda68 D _dl_vdso_clock_getres_time64
00000000004eda70 D _dl_vdso_getcpu
00000000004eda78 D _dl_vdso_time
00000000004eda80 D _dl_vdso_gettimeofday
00000000004eda88 D _dl_vdso_clock_gettime64
00000000004eda90 D __libc_enable_secure
00000000004edaa0 d map
00000000004edc20 d _nl_category_postload
00000000004edca0 d _nl_current_used
00000000004edd20 D _nl_C
00000000004edda0 D _nl_C_locobj
00000000004ede90 D __rtld_search_dirs
00000000004edea0 D __rtld_env_path_list
00000000004edeb0 D __stack_prot
00000000004edec0 d _dlfo_nodelete_mappings
00000000004edec8 d _dlfo_nodelete_mappings_size
00000000004eded0 d _dlfo_nodelete_mappings_end
00000000004edee0 d _dlfo_main
00000000004edf00 d _dlfcn_hook
00000000004ee000 d _GLOBAL_OFFSET_TABLE_
00000000004ee100 D __data_start
00000000004ee100 W data_start
00000000004ee108 D __dso_handle
00000000004ee110 D __x86_rep_stosb_threshold
00000000004ee118 D __x86_rep_movsb_threshold
00000000004ee120 D __x86_shared_cache_size
00000000004ee128 D __x86_shared_cache_size_half
00000000004ee130 D __x86_data_cache_size
00000000004ee138 D __x86_data_cache_size_half
00000000004ee140 D _nl_current_default_domain
00000000004ee148 D __exit_funcs
00000000004ee160 d randtbl
00000000004ee1e0 d unsafe_state
00000000004ee210 V DW.ref.__gcc_personality_v0
00000000004ee220 D _IO_list_all
00000000004ee240 D _IO_2_1_stderr_
00000000004ee320 d _IO_wide_data_2
00000000004ee420 D _IO_2_1_stdout_
00000000004ee500 d _IO_wide_data_1
00000000004ee600 D _IO_2_1_stdin_
00000000004ee6e0 d _IO_wide_data_0
00000000004ee7c8 D stderr
00000000004ee7d0 D stdout
00000000004ee7d8 D stdin
00000000004ee7e0 D __nptl_nthreads
00000000004ee800 d may_shrink_heap.12
00000000004ee808 d narenas
00000000004ee820 d mp_
00000000004ee8c0 d main_arena
00000000004ef158 D __progname
00000000004ef158 V program_invocation_short_name
00000000004ef160 D __progname_full
00000000004ef160 V program_invocation_name
00000000004ef180 D _dl_load_tls_lock
00000000004ef1c0 D _dl_load_write_lock
00000000004ef200 D _dl_load_lock
00000000004ef228 D _dl_stack_flags
00000000004ef22c D _dl_fpu_control
00000000004ef230 D _dl_correct_cache_id
00000000004ef234 D _dl_debug_fd
00000000004ef238 D _dl_pagesize
00000000004ef240 D _dl_load_adds
00000000004ef248 D _dl_nns
00000000004ef250 D _dl_use_load_bias
00000000004ef260 D _dl_initial_searchlist
00000000004ef270 d __compound_literal.3
00000000004ef280 D _dl_ns
00000000004ef320 d _dl_main_map
00000000004ef7a8 d __compound_literal.1
00000000004ef7b0 d __compound_literal.0
00000000004ef7e0 d builtin_modules
00000000004efa80 D _nl_global_locale
00000000004efb68 d pa_next_type
00000000004efb70 D __elision_aconf
00000000004efb80 D __mutex_aconf
00000000004efb84 D __sched_fifo_max_prio
00000000004efb88 D __sched_fifo_min_prio
00000000004efb8c D __libc_single_threaded
00000000004efb90 D __nptl_stack_cache_maxsize
00000000004efb98 d adds.1
00000000004efba0 d __elf_set___libc_subfreeres_element_free_mem__
00000000004efba0 D __TMC_END__
00000000004efba8 d __elf_set___libc_subfreeres_element_buffer_free__
00000000004efbb0 d __elf_set___libc_subfreeres_element_free_mem__
00000000004efbb8 d __elf_set___libc_subfreeres_element_free_mem__
00000000004efbc0 d __elf_set___libc_subfreeres_element_free_mem__
00000000004efbc8 d __elf_set___libc_subfreeres_element_free_mem__
00000000004efbd0 d __elf_set___libc_subfreeres_element_free_mem__
00000000004efbd8 d __elf_set___libc_subfreeres_element_free_mem__
00000000004efbe0 d __elf_set___libc_subfreeres_element_free_mem__
00000000004efc00 d _IO_helper_jumps
00000000004efc00 D __start___libc_IO_vtables
00000000004efcc0 D _IO_wfile_jumps_maybe_mmap
00000000004efd80 D _IO_wfile_jumps_mmap
00000000004efe40 D _IO_wfile_jumps
00000000004eff00 D _IO_strn_jumps
00000000004effc0 D _IO_file_jumps_maybe_mmap
00000000004f0080 D _IO_file_jumps_mmap
00000000004f0140 D _IO_file_jumps
00000000004f0200 D _IO_str_jumps
00000000004f02c0 d _IO_helper_jumps
00000000004f0368 d __elf_set___libc_atexit_element__IO_cleanup__
00000000004f0368 D __start___libc_atexit
00000000004f0368 D __stop___libc_IO_vtables
00000000004f0370 B __bss_start
00000000004f0370 D _edata
00000000004f0370 D __stop___libc_atexit
00000000004f0380 b completed.1
00000000004f03a0 b object.0
00000000004f03e0 b segv_handler_jmpbuf
00000000004f04a8 B g_histogram_address
00000000004f04b0 b g_code_origin
00000000004f04b8 b g_histogram_size
00000000004f04c0 b g_commandName
00000000004f04c8 B __x86_string_control
00000000004f04d0 B __x86_rep_movsb_stop_threshold
00000000004f04d8 B __x86_shared_non_temporal_threshold
00000000004f04e0 B _dl_tls_generation
00000000004f04e8 B _dl_tls_static_optional
00000000004f04f0 B _dl_tls_static_surplus
00000000004f04f8 B _dl_tls_static_align
00000000004f0500 B _dl_tls_static_used
00000000004f0508 B _dl_tls_static_size
00000000004f0510 B _dl_tls_static_nelem
00000000004f0518 B _dl_tls_dtv_slotinfo_list
00000000004f0520 B _dl_tls_dtv_gaps
00000000004f0528 B _dl_tls_max_dtv_idx
00000000004f0540 B _dl_static_dtv
00000000004f0940 b static_slotinfo
00000000004f0d60 B _nl_state_lock
00000000004f0d98 B _nl_domain_bindings
00000000004f0da0 b output_charset_cache.0
00000000004f0da8 b output_charset_cached.1
00000000004f0db0 b freemem_size.2
00000000004f0db8 b freemem.3
00000000004f0dc0 b lock.4
00000000004f0dc8 b transmem_list
00000000004f0dd0 b root
00000000004f0de0 b tree_lock
00000000004f0e20 b lock.0
00000000004f0e58 b _nl_loaded_domains
00000000004f0e60 B _nl_msg_cat_cntr
00000000004f0e70 b lock.0
00000000004f0e80 b locale_alias_path.1
00000000004f0e88 b maxmap
00000000004f0e90 b nmap
00000000004f0e98 b string_space_max
00000000004f0ea0 b string_space_act
00000000004f0ea8 b lock
00000000004f0ec0 B _sigintr
00000000004f0f40 B __abort_msg
00000000004f0f50 b lock
00000000004f0f60 b stage
00000000004f0f68 b phys_pages.1
00000000004f0f70 b pagesize.0
00000000004f0f74 B __exit_funcs_done
00000000004f0f80 B __new_exitfn_called
00000000004f0f88 B __exit_funcs_lock
00000000004f0fa0 b initial
00000000004f13b0 b lock
00000000004f13c0 b freeres_list
00000000004f13c8 b dealloc_buffers
00000000004f13cc b stdio_needs_locking
00000000004f13d0 b run_fp
00000000004f13e0 b list_all_lock
00000000004f13f0 b _IO_stdfile_2_lock
00000000004f1400 b _IO_stdfile_1_lock
00000000004f1410 b _IO_stdfile_0_lock
00000000004f1420 B __pthread_force_elision
00000000004f1440 B __pthread_keys
00000000004f5440 b next_to_use.5
00000000004f5448 b narenas_limit.2
00000000004f5450 b tcache_key
00000000004f5458 b aligned_heap_area
00000000004f5460 b __malloc_initialized
00000000004f5464 b list_lock
00000000004f5468 b free_list
00000000004f5470 b free_list_lock
00000000004f5474 b perturb_byte
00000000004f5478 b global_max_fast
00000000004f5480 b __always_fail_morecore
00000000004f5488 b internal
00000000004f5490 b state
00000000004f5498 b state
00000000004f54a0 b state
00000000004f54a8 b state
00000000004f54b0 B __environ
00000000004f54b0 V _environ
00000000004f54b0 V environ
00000000004f54b8 B __curbrk
00000000004f54c0 b oact.1
00000000004f5560 b otimer.0
00000000004f5580 b pc_scale
00000000004f5588 b pc_offset
00000000004f5590 b nsamples
00000000004f5598 b samples
00000000004f55a0 B _r_debug
00000000004f55a0 B _r_debug_extended
00000000004f55d0 B __nptl_initial_report_events
00000000004f55e0 B _dl_clktck
00000000004f55e8 B _dl_sysinfo_map
00000000004f55f0 B _dl_sysinfo_dso
00000000004f55f8 B _dl_scope_free_list
00000000004f5600 B _dl_stack_cache_lock
00000000004f5608 B _dl_in_flight_stack
00000000004f5610 B _dl_stack_cache_actsize
00000000004f5620 B _dl_stack_cache
00000000004f5630 B _dl_stack_user
00000000004f5640 B _dl_stack_used
00000000004f5650 B _dl_dso_sort_algo
00000000004f5658 B _dl_hwcap2
00000000004f5660 B _dl_hwcap
00000000004f5668 B _dl_phnum
00000000004f5670 B _dl_phdr
00000000004f5678 B _dl_auxv
00000000004f5680 B _dl_initfirst
00000000004f5688 B _dl_init_all_dirs
00000000004f5690 B _dl_all_dirs
00000000004f5698 B _dl_osversion
00000000004f569c B _dl_inhibit_cache
00000000004f56a0 B _dl_minsigstacksize
00000000004f56c0 B _dl_x86_cpu_features
00000000004f58a0 B _dl_x86_feature_control
00000000004f58a4 B _dl_x86_feature_1
00000000004f58a8 B _dl_bind_not
00000000004f58b0 B _dl_origin_path
00000000004f58b8 B _dl_profile_map
00000000004f58c0 B _dl_inhibit_rpath
00000000004f58c8 B _dl_profile_output
00000000004f58d0 B _dl_profile
00000000004f58d8 B _dl_verbose
00000000004f58dc B _dl_dynamic_weak
00000000004f58e0 B _dl_lazy
00000000004f58e4 B _dl_debug_mask
00000000004f58e8 B _dl_platformlen
00000000004f58f0 B _dl_platform
00000000004f58f8 b __compound_literal.2
00000000004f5900 B __libc_enable_secure_decided
00000000004f5908 B __libc_argv
00000000004f5910 B __libc_argc
00000000004f5918 B __gconv_lock
00000000004f5920 B __gconv_modules_db
00000000004f5928 B __gconv_alias_db
00000000004f5930 b known_derivations
00000000004f5938 B __gconv_path_envvar
00000000004f5940 B __gconv_max_path_elem_len
00000000004f5948 B __gconv_path_elem
00000000004f5950 b modcounter.0
00000000004f5954 b once
00000000004f5958 b cache_malloced
00000000004f5960 b cache_size
00000000004f5968 b gconv_cache
00000000004f5970 b loaded
00000000004f5980 B __libc_setlocale_lock
00000000004f59c0 B _nl_locale_file_list
00000000004f5a40 b archloaded
00000000004f5a60 b archive_stat
00000000004f5af0 b headmap
00000000004f5b08 b archmapped
00000000004f5b10 b last_environ
00000000004f5b18 b known_values
00000000004f5b20 b envlock
00000000004f5b28 B __printf_function_table
00000000004f5b30 b lock
00000000004f5b38 B __printf_modifier_table
00000000004f5b40 b next_bit
00000000004f5b44 b lock
00000000004f5b48 b lock
00000000004f5b50 B __fork_generation
00000000004f5b60 B __default_pthread_attr_lock
00000000004f5b80 B __default_pthread_attr
00000000004f5bb8 b max_dirnamelen
00000000004f5bc0 b alloc_last_block
00000000004f5bc8 b alloc_end
00000000004f5bd0 b alloc_ptr
00000000004f5bd8 b log_hashfraction
00000000004f5be0 b textsize
00000000004f5be8 b lowpc
00000000004f5bf0 b fromidx
00000000004f5bf4 b fromlimit
00000000004f5bf8 b froms
00000000004f5c00 b tos
00000000004f5c08 b narcsp
00000000004f5c10 b narcs
00000000004f5c14 b running
00000000004f5c18 b data
00000000004f5c20 b cachesize
00000000004f5c28 b cache_new
00000000004f5c30 b cache
00000000004f5c38 b dl_close_state.2
00000000004f5c40 b _dlfo_loaded_mappings_version
00000000004f5c50 b _dlfo_loaded_mappings
00000000004f5c60 b once_regsizes.0
00000000004f5c70 b dwarf_reg_size_table
00000000004f5ca0 b marker.4
00000000004f5ca8 b subs.2
00000000004f5cb0 b frame_hdr_cache_head
00000000004f5cc0 b frame_hdr_cache
00000000004f5e40 b object_mutex
00000000004f5e68 b any_objects_registered
00000000004f5e70 b seen_objects
00000000004f5e78 b unseen_objects
00000000004f5e80 b map
00000000004f5e88 b string_space
00000000004f5e90 B __printf_arginfo_table
00000000004f5e98 B __printf_va_arg_table
00000000004f5ea0 B _end
